<?xml version="1.0" encoding="UTF-8"?>
<!-- Generated by org.testng.reporters.JUnitReportReporter -->
<testsuite hostname="MacBook-Pro.local" failures="0" tests="1" name="com.trinity.TestCases" time="11.877" errors="0" timestamp="18 Feb 2024 05:57:46 GMT" skipped="0">
  <testcase classname="com.trinity.TestCases" name="verifyIfLastNameFieldIsRequiredUsingPOM" time="11.877"/>
</testsuite> <!-- com.trinity.TestCases -->
