<?xml version="1.0" encoding="UTF-8"?>
<!-- Generated by org.testng.reporters.JUnitReportReporter -->
<testsuite hostname="MacBook-Pro.local" failures="0" tests="1" name="com.trinity.TestCases" time="0.004" errors="0" timestamp="10 Feb 2024 07:25:20 GMT" skipped="0">
  <testcase classname="com.trinity.TestCases" name="m1" time="0.004"/>
</testsuite> <!-- com.trinity.TestCases -->
